#
# There is insufficient memory for the Java Runtime Environment to continue.
# Native memory allocation (malloc) failed to allocate 1206816 bytes. Error detail: Chunk::new
# Possible reasons:
#   The system is out of physical RAM or swap space
#   This process is running with CompressedOops enabled, and the Java Heap may be blocking the growth of the native heap
# Possible solutions:
#   Reduce memory load on the system
#   Increase physical memory or swap space
#   Check if swap backing store is full
#   Decrease Java heap size (-Xmx/-Xms)
#   Decrease number of Java threads
#   Decrease Java thread stack sizes (-Xss)
#   Set larger code cache with -XX:ReservedCodeCacheSize=
#   JVM is running with Unscaled Compressed Oops mode in which the Java heap is
#     placed in the first 4GB address space. The Java Heap base address is the
#     maximum limit for the native heap growth. Please use -XX:HeapBaseMinAddress
#     to set the Java Heap base and to place the Java Heap above 4GB virtual address.
# This output file may be truncated or incomplete.
#
#  Out of Memory Error (arena.cpp:168), pid=15216, tid=20028
#
# JRE version: OpenJDK Runtime Environment Temurin-21.0.8+9 (21.0.8+9) (build 21.0.8+9-LTS)
# Java VM: OpenJDK 64-Bit Server VM Temurin-21.0.8+9 (21.0.8+9-LTS, mixed mode, sharing, tiered, compressed oops, compressed class ptrs, parallel gc, windows-amd64)
# No core dump will be written. Minidumps are not enabled by default on client versions of Windows
#

---------------  S U M M A R Y ------------

Command Line: --add-modules=ALL-SYSTEM --add-opens=java.base/java.util=ALL-UNNAMED --add-opens=java.base/java.lang=ALL-UNNAMED --add-opens=java.base/sun.nio.fs=ALL-UNNAMED -Declipse.application=org.eclipse.jdt.ls.core.id1 -Dosgi.bundles.defaultStartLevel=4 -Declipse.product=org.eclipse.jdt.ls.core.product -Djava.import.generatesMetadataFilesAtProjectRoot=false -DDetectVMInstallationsJob.disabled=true -Dfile.encoding=utf8 -XX:+UseParallelGC -XX:GCTimeRatio=4 -XX:AdaptiveSizePolicyWeight=90 -Dsun.zip.disableMemoryMapping=true -Xmx2G -Xms100m -Xlog:disable -javaagent:c:\Users\HP\.vscode\extensions\redhat.java-1.46.0-win32-x64\lombok\lombok-1.18.39-4050.jar -XX:+HeapDumpOnOutOfMemoryError -XX:HeapDumpPath=c:\Users\HP\AppData\Roaming\Code\User\workspaceStorage\0e8ffea2bd08c6dbe69e47f6e896f381\redhat.java -Daether.dependencyCollector.impl=bf c:\Users\HP\.vscode\extensions\redhat.java-1.46.0-win32-x64\server\plugins\org.eclipse.equinox.launcher_1.7.0.v20250519-0528.jar -configuration c:\Users\HP\AppData\Roaming\Code\User\globalStorage\redhat.java\1.46.0\config_win -data c:\Users\HP\AppData\Roaming\Code\User\workspaceStorage\0e8ffea2bd08c6dbe69e47f6e896f381\redhat.java\jdt_ws --pipe=\\.\pipe\lsp-f958e6db3f95c74d8442b759b7165e1a-sock

Host: AMD Ryzen 3 3250U with Radeon Graphics         , 4 cores, 5G,  Windows 11 , 64 bit Build 26100 (10.0.26100.6725)
Time: Sun Oct 26 10:21:45 2025 Hora est. Pacífico, Sudamérica elapsed time: 87.145934 seconds (0d 0h 1m 27s)

---------------  T H R E A D  ---------------

Current thread (0x000001574a79cff0):  JavaThread "C2 CompilerThread1" daemon [_thread_in_native, id=20028, stack(0x000000251c700000,0x000000251c800000) (1024K)]


Current CompileTask:
C2:87146 13006       4       org.eclipse.jdt.internal.compiler.lookup.BinaryTypeBinding::createMethod (1666 bytes)

Stack: [0x000000251c700000,0x000000251c800000]
Native frames: (J=compiled Java code, j=interpreted, Vv=VM code, C=native code)
V  [jvm.dll+0x6d2449]
V  [jvm.dll+0x8ae341]
V  [jvm.dll+0x8b08be]
V  [jvm.dll+0x8b0fa3]
V  [jvm.dll+0x280c96]
V  [jvm.dll+0xc581d]
V  [jvm.dll+0xc5d53]
V  [jvm.dll+0x2f539d]
V  [jvm.dll+0x5fa00a]
V  [jvm.dll+0x252092]
V  [jvm.dll+0x25244f]
V  [jvm.dll+0x24ad14]
V  [jvm.dll+0x2483a4]
V  [jvm.dll+0x1c89ee]
V  [jvm.dll+0x257d4d]
V  [jvm.dll+0x2562ea]
V  [jvm.dll+0x3f2d16]
V  [jvm.dll+0x857e6b]
V  [jvm.dll+0x6d0b0d]
C  [ucrtbase.dll+0x37b0]
C  [KERNEL32.DLL+0x2e8d7]
C  [ntdll.dll+0x8c53c]


---------------  P R O C E S S  ---------------

Threads class SMR info:
_java_thread_list=0x000001574b6e5180, length=48, elements={
0x000001576b6fdf80, 0x000001577e7a84a0, 0x000001577e7adc20, 0x000001577e7b03e0,
0x000001577e7b1030, 0x000001577e7b3b90, 0x000001577e7b45e0, 0x000001577e7b7420,
0x000001577e8244c0, 0x000001577f57fc90, 0x000001577f7ad090, 0x000001577f8f7740,
0x00000157490bdf10, 0x00000157490f6450, 0x00000157490b6d90, 0x000001574993bb30,
0x000001574993a780, 0x000001574993ae10, 0x000001574993b4a0, 0x000001574956f4e0,
0x000001574956e7c0, 0x000001574956cd80, 0x000001574956daa0, 0x000001574956e130,
0x000001574956c6f0, 0x000001574956ee50, 0x000001574956c060, 0x000001574956fb70,
0x0000015749570200, 0x0000015749570890, 0x000001574956d410, 0x0000015749570f20,
0x0000015749571c40, 0x00000157495715b0, 0x0000015749572ff0, 0x00000157495722d0,
0x0000015749572960, 0x0000015749573680, 0x000001574b6d6890, 0x000001574b6d8960,
0x000001574b6d6f20, 0x000001574b6d82d0, 0x000001574b6d6200, 0x000001574b6d8ff0,
0x000001574b6d75b0, 0x000001574b6d7c40, 0x000001574b6d5b70, 0x000001574a79cff0
}

Java Threads: ( => current thread )
  0x000001576b6fdf80 JavaThread "main"                              [_thread_blocked, id=4272, stack(0x0000002519000000,0x0000002519100000) (1024K)]
  0x000001577e7a84a0 JavaThread "Reference Handler"          daemon [_thread_blocked, id=4532, stack(0x0000002519400000,0x0000002519500000) (1024K)]
  0x000001577e7adc20 JavaThread "Finalizer"                  daemon [_thread_blocked, id=18376, stack(0x0000002519500000,0x0000002519600000) (1024K)]
  0x000001577e7b03e0 JavaThread "Signal Dispatcher"          daemon [_thread_blocked, id=13560, stack(0x0000002519600000,0x0000002519700000) (1024K)]
  0x000001577e7b1030 JavaThread "Attach Listener"            daemon [_thread_blocked, id=15428, stack(0x0000002519700000,0x0000002519800000) (1024K)]
  0x000001577e7b3b90 JavaThread "Service Thread"             daemon [_thread_blocked, id=2232, stack(0x0000002519800000,0x0000002519900000) (1024K)]
  0x000001577e7b45e0 JavaThread "Monitor Deflation Thread"   daemon [_thread_blocked, id=11400, stack(0x0000002519900000,0x0000002519a00000) (1024K)]
  0x000001577e7b7420 JavaThread "C2 CompilerThread0"         daemon [_thread_in_native, id=11460, stack(0x0000002519a00000,0x0000002519b00000) (1024K)]
  0x000001577e8244c0 JavaThread "C1 CompilerThread0"         daemon [_thread_blocked, id=13132, stack(0x0000002519b00000,0x0000002519c00000) (1024K)]
  0x000001577f57fc90 JavaThread "Common-Cleaner"             daemon [_thread_blocked, id=13672, stack(0x0000002519c00000,0x0000002519d00000) (1024K)]
  0x000001577f7ad090 JavaThread "Notification Thread"        daemon [_thread_blocked, id=18208, stack(0x0000002519d00000,0x0000002519e00000) (1024K)]
  0x000001577f8f7740 JavaThread "Active Thread: Equinox Container: 494cdfcb-1724-425d-8356-97c05d574d42"        [_thread_blocked, id=16768, stack(0x000000251a100000,0x000000251a200000) (1024K)]
  0x00000157490bdf10 JavaThread "Refresh Thread: Equinox Container: 494cdfcb-1724-425d-8356-97c05d574d42" daemon [_thread_blocked, id=11840, stack(0x000000251a200000,0x000000251a300000) (1024K)]
  0x00000157490f6450 JavaThread "Framework Event Dispatcher: Equinox Container: 494cdfcb-1724-425d-8356-97c05d574d42" daemon [_thread_blocked, id=18336, stack(0x000000251a300000,0x000000251a400000) (1024K)]
  0x00000157490b6d90 JavaThread "Start Level: Equinox Container: 494cdfcb-1724-425d-8356-97c05d574d42" daemon [_thread_blocked, id=19220, stack(0x000000251a400000,0x000000251a500000) (1024K)]
  0x000001574993bb30 JavaThread "Bundle File Closer"         daemon [_thread_blocked, id=8224, stack(0x000000251a500000,0x000000251a600000) (1024K)]
  0x000001574993a780 JavaThread "SCR Component Actor"        daemon [_thread_blocked, id=16420, stack(0x000000251a600000,0x000000251a700000) (1024K)]
  0x000001574993ae10 JavaThread "Worker-JM"                         [_thread_blocked, id=10896, stack(0x000000251a700000,0x000000251a800000) (1024K)]
  0x000001574993b4a0 JavaThread "Worker-0"                          [_thread_blocked, id=15928, stack(0x000000251a800000,0x000000251a900000) (1024K)]
  0x000001574956f4e0 JavaThread "Worker-1"                          [_thread_blocked, id=19104, stack(0x000000251a900000,0x000000251aa00000) (1024K)]
  0x000001574956e7c0 JavaThread "Worker-2"                          [_thread_blocked, id=18920, stack(0x000000251aa00000,0x000000251ab00000) (1024K)]
  0x000001574956cd80 JavaThread "Worker-3"                          [_thread_blocked, id=16944, stack(0x000000251ab00000,0x000000251ac00000) (1024K)]
  0x000001574956daa0 JavaThread "Java indexing"              daemon [_thread_blocked, id=10608, stack(0x000000251ad00000,0x000000251ae00000) (1024K)]
  0x000001574956e130 JavaThread "JNA Cleaner"                daemon [_thread_blocked, id=18996, stack(0x000000251ae00000,0x000000251af00000) (1024K)]
  0x000001574956c6f0 JavaThread "Worker-4"                          [_thread_blocked, id=1388, stack(0x000000251b100000,0x000000251b200000) (1024K)]
  0x000001574956ee50 JavaThread "Worker-5"                          [_thread_blocked, id=17140, stack(0x000000251b200000,0x000000251b300000) (1024K)]
  0x000001574956c060 JavaThread "Thread-1"                   daemon [_thread_in_native, id=19460, stack(0x000000251b300000,0x000000251b400000) (1024K)]
  0x000001574956fb70 JavaThread "Thread-2"                   daemon [_thread_in_native, id=19464, stack(0x000000251b400000,0x000000251b500000) (1024K)]
  0x0000015749570200 JavaThread "Thread-3"                   daemon [_thread_in_native, id=19468, stack(0x000000251b500000,0x000000251b600000) (1024K)]
  0x0000015749570890 JavaThread "Thread-4"                   daemon [_thread_in_native, id=19472, stack(0x000000251b600000,0x000000251b700000) (1024K)]
  0x000001574956d410 JavaThread "Thread-5"                   daemon [_thread_in_native, id=19476, stack(0x000000251b700000,0x000000251b800000) (1024K)]
  0x0000015749570f20 JavaThread "pool-2-thread-1"                   [_thread_blocked, id=19480, stack(0x000000251b800000,0x000000251b900000) (1024K)]
  0x0000015749571c40 JavaThread "WorkspaceEventsHandler"            [_thread_blocked, id=19572, stack(0x000000251b900000,0x000000251ba00000) (1024K)]
  0x00000157495715b0 JavaThread "pool-1-thread-1"                   [_thread_blocked, id=19576, stack(0x000000251ba00000,0x000000251bb00000) (1024K)]
  0x0000015749572ff0 JavaThread "Worker-6"                          [_thread_blocked, id=20476, stack(0x000000251bb00000,0x000000251bc00000) (1024K)]
  0x00000157495722d0 JavaThread "LocalFile Deleter"          daemon [_thread_blocked, id=19728, stack(0x000000251bd00000,0x000000251be00000) (1024K)]
  0x0000015749572960 JavaThread "LocalFile Deleter"          daemon [_thread_blocked, id=18416, stack(0x000000251be00000,0x000000251bf00000) (1024K)]
  0x0000015749573680 JavaThread "LocalFile Deleter"          daemon [_thread_blocked, id=19376, stack(0x000000251bf00000,0x000000251c000000) (1024K)]
  0x000001574b6d6890 JavaThread "LocalFile Deleter"          daemon [_thread_blocked, id=13924, stack(0x000000251c000000,0x000000251c100000) (1024K)]
  0x000001574b6d8960 JavaThread "Compiler Source File Reader" daemon [_thread_blocked, id=19552, stack(0x000000251c100000,0x000000251c200000) (1024K)]
  0x000001574b6d6f20 JavaThread "Compiler Source File Reader" daemon [_thread_blocked, id=1756, stack(0x000000251c200000,0x000000251c300000) (1024K)]
  0x000001574b6d82d0 JavaThread "Compiler Processing Task"   daemon [_thread_blocked, id=19884, stack(0x000000251c300000,0x000000251c400000) (1024K)]
  0x000001574b6d6200 JavaThread "Compiler Class File Writer" daemon [_thread_blocked, id=6844, stack(0x000000251c400000,0x000000251c500000) (1024K)]
  0x000001574b6d8ff0 JavaThread "Compiler Class File Writer" daemon [_thread_blocked, id=19984, stack(0x000000251c500000,0x000000251c600000) (1024K)]
  0x000001574b6d75b0 JavaThread "ForkJoinPool.commonPool-worker-1" daemon [_thread_in_vm, id=9876, stack(0x0000002518f00000,0x0000002519000000) (1024K)]
  0x000001574b6d7c40 JavaThread "ForkJoinPool.commonPool-worker-2" daemon [_thread_blocked, id=19780, stack(0x000000251bc00000,0x000000251bd00000) (1024K)]
  0x000001574b6d5b70 JavaThread "ForkJoinPool.commonPool-worker-3" daemon [_thread_blocked, id=19868, stack(0x000000251c600000,0x000000251c700000) (1024K)]
=>0x000001574a79cff0 JavaThread "C2 CompilerThread1"         daemon [_thread_in_native, id=20028, stack(0x000000251c700000,0x000000251c800000) (1024K)]
Total: 48

Other Threads:
  0x000001576b7bbfb0 VMThread "VM Thread"                           [id=6456, stack(0x0000002519300000,0x0000002519400000) (1024K)]
  0x000001577e74ca00 WatcherThread "VM Periodic Task Thread"        [id=14892, stack(0x0000002519200000,0x0000002519300000) (1024K)]
  0x000001576b71c3e0 WorkerThread "GC Thread#0"                     [id=17732, stack(0x0000002519100000,0x0000002519200000) (1024K)]
  0x000001577f7bae30 WorkerThread "GC Thread#1"                     [id=19236, stack(0x0000002519e00000,0x0000002519f00000) (1024K)]
  0x0000015749647570 WorkerThread "GC Thread#2"                     [id=19284, stack(0x0000002519f00000,0x000000251a000000) (1024K)]
  0x0000015749249400 WorkerThread "GC Thread#3"                     [id=19292, stack(0x000000251a000000,0x000000251a100000) (1024K)]
Total: 6

Threads with active compile tasks:
C2 CompilerThread0  87250 12983       4       org.eclipse.jdt.internal.compiler.lookup.LookupEnvironment::getTypeFromTypeSignature (770 bytes)
C2 CompilerThread1  87250 13006       4       org.eclipse.jdt.internal.compiler.lookup.BinaryTypeBinding::createMethod (1666 bytes)
Total: 2

VM state: not at safepoint (normal execution)

VM Mutex/Monitor currently owned by a thread:  ([mutex/lock_event])
[0x00007ffd68da5558] Heap_lock - owner thread: 0x000001574b6d75b0
[0x00007ffd68da59d8] PSOldGenExpand_lock - owner thread: 0x000001574b6d75b0

Heap address: 0x0000000080000000, size: 2048 MB, Compressed Oops mode: 32-bit

CDS archive(s) mapped at: [0x0000015704000000-0x0000015704ba0000-0x0000015704ba0000), size 12189696, SharedBaseAddress: 0x0000015704000000, ArchiveRelocationMode: 1.
Compressed class space mapped at: 0x0000015705000000-0x0000015745000000, reserved size: 1073741824
Narrow klass base: 0x0000015704000000, Narrow klass shift: 0, Narrow klass range: 0x100000000

GC Precious Log:
 CardTable entry size: 512
 CPUs: 4 total, 4 available
 Memory: 6086M
 Large Page Support: Disabled
 NUMA Support: Disabled
 Compressed Oops: Enabled (32-bit)
 Alignments: Space 512K, Generation 512K, Heap 2M
 Heap Min Capacity: 100M
 Heap Initial Capacity: 100M
 Heap Max Capacity: 2G
 Pre-touch: Disabled
 Parallel Workers: 4

Heap:
 PSYoungGen      total 3072K, used 2408K [0x00000000d5580000, 0x00000000d5980000, 0x0000000100000000)
  eden space 2560K, 77% used [0x00000000d5580000,0x00000000d57722e0,0x00000000d5800000)
  from space 512K, 81% used [0x00000000d5880000,0x00000000d58e8000,0x00000000d5900000)
  to   space 512K, 0% used [0x00000000d5900000,0x00000000d5900000,0x00000000d5980000)
 ParOldGen       total 633856K, used 633476K [0x0000000080000000, 0x00000000a6b00000, 0x00000000d5580000)
  object space 633856K, 99% used [0x0000000080000000,0x00000000a6aa12a8,0x00000000a6b00000)
 Metaspace       used 71745K, committed 73344K, reserved 1114112K
  class space    used 7713K, committed 8448K, reserved 1048576K

Card table byte_map: [0x000001577dbb0000,0x000001577dfc0000] _byte_map_base: 0x000001577d7b0000

Marking Bits: (ParMarkBitMap*) 0x00007ffd68daa340
 Begin Bits: [0x0000015700000000, 0x0000015702000000)
 End Bits:   [0x0000015702000000, 0x0000015704000000)

Polling page: 0x000001576b7c0000

Metaspace:

Usage:
  Non-class:     62.53 MB used.
      Class:      7.53 MB used.
       Both:     70.06 MB used.

Virtual space:
  Non-class space:       64.00 MB reserved,      63.38 MB (>99%) committed,  1 nodes.
      Class space:        1.00 GB reserved,       8.25 MB ( <1%) committed,  1 nodes.
             Both:        1.06 GB reserved,      71.62 MB (  7%) committed. 

Chunk freelists:
   Non-Class:  0 bytes
       Class:  7.73 MB
        Both:  7.73 MB

MaxMetaspaceSize: unlimited
CompressedClassSpaceSize: 1.00 GB
Initial GC threshold: 21.00 MB
Current GC threshold: 97.31 MB
CDS: on
 - commit_granule_bytes: 65536.
 - commit_granule_words: 8192.
 - virtual_space_node_default_size: 8388608.
 - enlarge_chunks_in_place: 1.
 - use_allocation_guard: 0.


Internal statistics:

num_allocs_failed_limit: 9.
num_arena_births: 1268.
num_arena_deaths: 16.
num_vsnodes_births: 2.
num_vsnodes_deaths: 0.
num_space_committed: 1146.
num_space_uncommitted: 0.
num_chunks_returned_to_freelist: 26.
num_chunks_taken_from_freelist: 4442.
num_chunk_merges: 12.
num_chunk_splits: 2754.
num_chunks_enlarged: 1597.
num_inconsistent_stats: 0.

CodeHeap 'non-profiled nmethods': size=120000Kb used=10966Kb max_used=10966Kb free=109033Kb
 bounds [0x00000157764a0000, 0x0000015776f60000, 0x000001577d9d0000]
CodeHeap 'profiled nmethods': size=120000Kb used=29365Kb max_used=29365Kb free=90634Kb
 bounds [0x000001576e9d0000, 0x0000015770680000, 0x0000015775f00000]
CodeHeap 'non-nmethods': size=5760Kb used=1485Kb max_used=1535Kb free=4274Kb
 bounds [0x0000015775f00000, 0x0000015776170000, 0x00000157764a0000]
CodeCache: size=245760Kb, used=41816Kb, max_used=41866Kb, free=203941Kb
 total_blobs=13062, nmethods=12253, adapters=714, full_count=0
Compilation: enabled, stopped_count=0, restarted_count=0

Compilation events (20 events):
Event: 86.078 Thread 0x000001577e8244c0 13010       3       org.eclipse.jdt.internal.core.ModuleUpdater::applyModuleUpdates (85 bytes)
Event: 86.079 Thread 0x000001577e8244c0 nmethod 13010 0x0000015770672910 code [0x0000015770672b60, 0x00000157706735b8]
Event: 86.079 Thread 0x000001577e8244c0 13011       3       org.eclipse.jdt.internal.compiler.lookup.SplitPackageBinding::<init> (60 bytes)
Event: 86.079 Thread 0x000001577e8244c0 nmethod 13011 0x0000015770673910 code [0x0000015770673b40, 0x0000015770674058]
Event: 86.206 Thread 0x000001577e8244c0 13012   !   3       org.eclipse.jdt.internal.core.SearchableEnvironment::find (393 bytes)
Event: 86.209 Thread 0x000001577e8244c0 nmethod 13012 0x0000015770674290 code [0x00000157706747c0, 0x0000015770677a60]
Event: 86.276 Thread 0x000001577e8244c0 13013       3       org.eclipse.jdt.internal.core.SearchableEnvironment::findType (67 bytes)
Event: 86.276 Thread 0x000001577e8244c0 nmethod 13013 0x0000015770678f10 code [0x0000015770679140, 0x00000157706796c0]
Event: 86.355 Thread 0x000001577e8244c0 13014       3       org.eclipse.jdt.internal.compiler.lookup.LookupEnvironment::createUnresolvedAnnotation (26 bytes)
Event: 87.122 Thread 0x000001577e8244c0 nmethod 13014 0x0000015770679910 code [0x0000015770679ae0, 0x0000015770679e60]
Event: 87.122 Thread 0x000001577e8244c0 13017       3       java.lang.StringConcatHelper::prepend (22 bytes)
Event: 87.122 Thread 0x000001577e8244c0 nmethod 13017 0x000001577067a010 code [0x000001577067a1c0, 0x000001577067a348]
Event: 87.122 Thread 0x000001577e8244c0 13019       3       java.lang.StringConcatHelper::newString (67 bytes)
Event: 87.123 Thread 0x000001577e8244c0 nmethod 13019 0x000001577067a410 code [0x000001577067a680, 0x000001577067afa8]
Event: 87.123 Thread 0x000001577e8244c0 13015       3       org.eclipse.jdt.internal.compiler.lookup.ReferenceBinding::isOrEnclosedByPrivateType (36 bytes)
Event: 87.123 Thread 0x000001577e8244c0 nmethod 13015 0x000001577067b310 code [0x000001577067b4e0, 0x000001577067b8e0]
Event: 87.124 Thread 0x000001577e8244c0 13018       3       org.eclipse.jdt.internal.compiler.lookup.UnresolvedReferenceBinding::resolve (281 bytes)
Event: 87.125 Thread 0x000001577e8244c0 nmethod 13018 0x000001577067ba10 code [0x000001577067bd00, 0x000001577067cc88]
Event: 87.125 Thread 0x000001577e8244c0 13016       3       org.eclipse.jdt.internal.compiler.lookup.ReferenceBinding::isSealed (15 bytes)
Event: 87.125 Thread 0x000001577e8244c0 nmethod 13016 0x000001577067d210 code [0x000001577067d3c0, 0x000001577067d538]

GC Heap History (20 events):
Event: 85.409 GC heap before
{Heap before GC invocations=911 (full 3):
 PSYoungGen      total 3584K, used 2854K [0x00000000d5580000, 0x00000000d5a00000, 0x0000000100000000)
  eden space 2560K, 97% used [0x00000000d5580000,0x00000000d57f18d0,0x00000000d5800000)
  from space 1024K, 34% used [0x00000000d5880000,0x00000000d58d8000,0x00000000d5980000)
  to   space 512K, 0% used [0x00000000d5980000,0x00000000d5980000,0x00000000d5a00000)
 ParOldGen       total 624128K, used 623992K [0x0000000080000000, 0x00000000a6180000, 0x00000000d5580000)
  object space 624128K, 99% used [0x0000000080000000,0x00000000a615e3b0,0x00000000a6180000)
 Metaspace       used 71374K, committed 72960K, reserved 1114112K
  class space    used 7681K, committed 8384K, reserved 1048576K
}
Event: 85.415 GC heap after
{Heap after GC invocations=911 (full 3):
 PSYoungGen      total 3072K, used 320K [0x00000000d5580000, 0x00000000d5a00000, 0x0000000100000000)
  eden space 2560K, 0% used [0x00000000d5580000,0x00000000d5580000,0x00000000d5800000)
  from space 512K, 62% used [0x00000000d5980000,0x00000000d59d0000,0x00000000d5a00000)
  to   space 512K, 0% used [0x00000000d5900000,0x00000000d5900000,0x00000000d5980000)
 ParOldGen       total 626176K, used 625792K [0x0000000080000000, 0x00000000a6380000, 0x00000000d5580000)
  object space 626176K, 99% used [0x0000000080000000,0x00000000a63200c8,0x00000000a6380000)
 Metaspace       used 71374K, committed 72960K, reserved 1114112K
  class space    used 7681K, committed 8384K, reserved 1048576K
}
Event: 85.432 GC heap before
{Heap before GC invocations=912 (full 3):
 PSYoungGen      total 3072K, used 2530K [0x00000000d5580000, 0x00000000d5a00000, 0x0000000100000000)
  eden space 2560K, 86% used [0x00000000d5580000,0x00000000d57a8b28,0x00000000d5800000)
  from space 512K, 62% used [0x00000000d5980000,0x00000000d59d0000,0x00000000d5a00000)
  to   space 512K, 0% used [0x00000000d5900000,0x00000000d5900000,0x00000000d5980000)
 ParOldGen       total 627712K, used 627271K [0x0000000080000000, 0x00000000a6500000, 0x00000000d5580000)
  object space 627712K, 99% used [0x0000000080000000,0x00000000a6491de0,0x00000000a6500000)
 Metaspace       used 71397K, committed 72960K, reserved 1114112K
  class space    used 7683K, committed 8384K, reserved 1048576K
}
Event: 85.436 GC heap after
{Heap after GC invocations=912 (full 3):
 PSYoungGen      total 3072K, used 490K [0x00000000d5580000, 0x00000000d5b00000, 0x0000000100000000)
  eden space 2560K, 0% used [0x00000000d5580000,0x00000000d5580000,0x00000000d5800000)
  from space 512K, 95% used [0x00000000d5900000,0x00000000d597a9c0,0x00000000d5980000)
  to   space 1536K, 0% used [0x00000000d5980000,0x00000000d5980000,0x00000000d5b00000)
 ParOldGen       total 628224K, used 627891K [0x0000000080000000, 0x00000000a6580000, 0x00000000d5580000)
  object space 628224K, 99% used [0x0000000080000000,0x00000000a652ce20,0x00000000a6580000)
 Metaspace       used 71397K, committed 72960K, reserved 1114112K
  class space    used 7683K, committed 8384K, reserved 1048576K
}
Event: 85.449 GC heap before
{Heap before GC invocations=913 (full 3):
 PSYoungGen      total 3072K, used 2895K [0x00000000d5580000, 0x00000000d5b00000, 0x0000000100000000)
  eden space 2560K, 93% used [0x00000000d5580000,0x00000000d57d9580,0x00000000d5800000)
  from space 512K, 95% used [0x00000000d5900000,0x00000000d597a9c0,0x00000000d5980000)
  to   space 1536K, 0% used [0x00000000d5980000,0x00000000d5980000,0x00000000d5b00000)
 ParOldGen       total 628224K, used 627891K [0x0000000080000000, 0x00000000a6580000, 0x00000000d5580000)
  object space 628224K, 99% used [0x0000000080000000,0x00000000a652ce20,0x00000000a6580000)
 Metaspace       used 71397K, committed 72960K, reserved 1114112K
  class space    used 7683K, committed 8384K, reserved 1048576K
}
Event: 85.453 GC heap after
{Heap after GC invocations=913 (full 3):
 PSYoungGen      total 3584K, used 617K [0x00000000d5580000, 0x00000000d5a80000, 0x0000000100000000)
  eden space 2560K, 0% used [0x00000000d5580000,0x00000000d5580000,0x00000000d5800000)
  from space 1024K, 60% used [0x00000000d5980000,0x00000000d5a1a538,0x00000000d5a80000)
  to   space 1024K, 0% used [0x00000000d5880000,0x00000000d5880000,0x00000000d5980000)
 ParOldGen       total 629760K, used 629440K [0x0000000080000000, 0x00000000a6700000, 0x00000000d5580000)
  object space 629760K, 99% used [0x0000000080000000,0x00000000a66b01d8,0x00000000a6700000)
 Metaspace       used 71397K, committed 72960K, reserved 1114112K
  class space    used 7683K, committed 8384K, reserved 1048576K
}
Event: 85.744 GC heap before
{Heap before GC invocations=914 (full 3):
 PSYoungGen      total 3584K, used 3177K [0x00000000d5580000, 0x00000000d5a80000, 0x0000000100000000)
  eden space 2560K, 99% used [0x00000000d5580000,0x00000000d57ffff0,0x00000000d5800000)
  from space 1024K, 60% used [0x00000000d5980000,0x00000000d5a1a538,0x00000000d5a80000)
  to   space 1024K, 0% used [0x00000000d5880000,0x00000000d5880000,0x00000000d5980000)
 ParOldGen       total 629760K, used 629440K [0x0000000080000000, 0x00000000a6700000, 0x00000000d5580000)
  object space 629760K, 99% used [0x0000000080000000,0x00000000a66b01d8,0x00000000a6700000)
 Metaspace       used 71409K, committed 72960K, reserved 1114112K
  class space    used 7683K, committed 8384K, reserved 1048576K
}
Event: 85.748 GC heap after
{Heap after GC invocations=914 (full 3):
 PSYoungGen      total 3072K, used 480K [0x00000000d5580000, 0x00000000d5a00000, 0x0000000100000000)
  eden space 2560K, 0% used [0x00000000d5580000,0x00000000d5580000,0x00000000d5800000)
  from space 512K, 93% used [0x00000000d5880000,0x00000000d58f8000,0x00000000d5900000)
  to   space 1024K, 0% used [0x00000000d5900000,0x00000000d5900000,0x00000000d5a00000)
 ParOldGen       total 629760K, used 629584K [0x0000000080000000, 0x00000000a6700000, 0x00000000d5580000)
  object space 629760K, 99% used [0x0000000080000000,0x00000000a66d41d8,0x00000000a6700000)
 Metaspace       used 71409K, committed 72960K, reserved 1114112K
  class space    used 7683K, committed 8384K, reserved 1048576K
}
Event: 85.857 GC heap before
{Heap before GC invocations=915 (full 3):
 PSYoungGen      total 3072K, used 3040K [0x00000000d5580000, 0x00000000d5a00000, 0x0000000100000000)
  eden space 2560K, 100% used [0x00000000d5580000,0x00000000d5800000,0x00000000d5800000)
  from space 512K, 93% used [0x00000000d5880000,0x00000000d58f8000,0x00000000d5900000)
  to   space 1024K, 0% used [0x00000000d5900000,0x00000000d5900000,0x00000000d5a00000)
 ParOldGen       total 629760K, used 629584K [0x0000000080000000, 0x00000000a6700000, 0x00000000d5580000)
  object space 629760K, 99% used [0x0000000080000000,0x00000000a66d41d8,0x00000000a6700000)
 Metaspace       used 71622K, committed 73216K, reserved 1114112K
  class space    used 7700K, committed 8384K, reserved 1048576K
}
Event: 85.860 GC heap after
{Heap after GC invocations=915 (full 3):
 PSYoungGen      total 3072K, used 352K [0x00000000d5580000, 0x00000000d5980000, 0x0000000100000000)
  eden space 2560K, 0% used [0x00000000d5580000,0x00000000d5580000,0x00000000d5800000)
  from space 512K, 68% used [0x00000000d5900000,0x00000000d5958000,0x00000000d5980000)
  to   space 512K, 0% used [0x00000000d5880000,0x00000000d5880000,0x00000000d5900000)
 ParOldGen       total 630272K, used 629960K [0x0000000080000000, 0x00000000a6780000, 0x00000000d5580000)
  object space 630272K, 99% used [0x0000000080000000,0x00000000a67321d8,0x00000000a6780000)
 Metaspace       used 71622K, committed 73216K, reserved 1114112K
  class space    used 7700K, committed 8384K, reserved 1048576K
}
Event: 85.904 GC heap before
{Heap before GC invocations=916 (full 3):
 PSYoungGen      total 3072K, used 2912K [0x00000000d5580000, 0x00000000d5980000, 0x0000000100000000)
  eden space 2560K, 100% used [0x00000000d5580000,0x00000000d5800000,0x00000000d5800000)
  from space 512K, 68% used [0x00000000d5900000,0x00000000d5958000,0x00000000d5980000)
  to   space 512K, 0% used [0x00000000d5880000,0x00000000d5880000,0x00000000d5900000)
 ParOldGen       total 630272K, used 629960K [0x0000000080000000, 0x00000000a6780000, 0x00000000d5580000)
  object space 630272K, 99% used [0x0000000080000000,0x00000000a67321d8,0x00000000a6780000)
 Metaspace       used 71730K, committed 73344K, reserved 1114112K
  class space    used 7713K, committed 8448K, reserved 1048576K
}
Event: 85.906 GC heap after
{Heap after GC invocations=916 (full 3):
 PSYoungGen      total 3072K, used 128K [0x00000000d5580000, 0x00000000d5980000, 0x0000000100000000)
  eden space 2560K, 0% used [0x00000000d5580000,0x00000000d5580000,0x00000000d5800000)
  from space 512K, 25% used [0x00000000d5880000,0x00000000d58a0000,0x00000000d5900000)
  to   space 512K, 0% used [0x00000000d5900000,0x00000000d5900000,0x00000000d5980000)
 ParOldGen       total 630272K, used 630256K [0x0000000080000000, 0x00000000a6780000, 0x00000000d5580000)
  object space 630272K, 99% used [0x0000000080000000,0x00000000a677c1d8,0x00000000a6780000)
 Metaspace       used 71730K, committed 73344K, reserved 1114112K
  class space    used 7713K, committed 8448K, reserved 1048576K
}
Event: 85.959 GC heap before
{Heap before GC invocations=917 (full 3):
 PSYoungGen      total 3072K, used 2676K [0x00000000d5580000, 0x00000000d5980000, 0x0000000100000000)
  eden space 2560K, 99% used [0x00000000d5580000,0x00000000d57fd370,0x00000000d5800000)
  from space 512K, 25% used [0x00000000d5880000,0x00000000d58a0000,0x00000000d5900000)
  to   space 512K, 0% used [0x00000000d5900000,0x00000000d5900000,0x00000000d5980000)
 ParOldGen       total 630272K, used 630256K [0x0000000080000000, 0x00000000a6780000, 0x00000000d5580000)
  object space 630272K, 99% used [0x0000000080000000,0x00000000a677c1d8,0x00000000a6780000)
 Metaspace       used 71739K, committed 73344K, reserved 1114112K
  class space    used 7713K, committed 8448K, reserved 1048576K
}
Event: 85.961 GC heap after
{Heap after GC invocations=917 (full 3):
 PSYoungGen      total 3072K, used 96K [0x00000000d5580000, 0x00000000d5980000, 0x0000000100000000)
  eden space 2560K, 0% used [0x00000000d5580000,0x00000000d5580000,0x00000000d5800000)
  from space 512K, 18% used [0x00000000d5900000,0x00000000d5918000,0x00000000d5980000)
  to   space 512K, 0% used [0x00000000d5880000,0x00000000d5880000,0x00000000d5900000)
 ParOldGen       total 630784K, used 630288K [0x0000000080000000, 0x00000000a6800000, 0x00000000d5580000)
  object space 630784K, 99% used [0x0000000080000000,0x00000000a67841d8,0x00000000a6800000)
 Metaspace       used 71739K, committed 73344K, reserved 1114112K
  class space    used 7713K, committed 8448K, reserved 1048576K
}
Event: 85.972 GC heap before
{Heap before GC invocations=918 (full 3):
 PSYoungGen      total 3072K, used 2641K [0x00000000d5580000, 0x00000000d5980000, 0x0000000100000000)
  eden space 2560K, 99% used [0x00000000d5580000,0x00000000d57fc568,0x00000000d5800000)
  from space 512K, 18% used [0x00000000d5900000,0x00000000d5918000,0x00000000d5980000)
  to   space 512K, 0% used [0x00000000d5880000,0x00000000d5880000,0x00000000d5900000)
 ParOldGen       total 630784K, used 630288K [0x0000000080000000, 0x00000000a6800000, 0x00000000d5580000)
  object space 630784K, 99% used [0x0000000080000000,0x00000000a67841d8,0x00000000a6800000)
 Metaspace       used 71742K, committed 73344K, reserved 1114112K
  class space    used 7713K, committed 8448K, reserved 1048576K
}
Event: 85.975 GC heap after
{Heap after GC invocations=918 (full 3):
 PSYoungGen      total 3072K, used 441K [0x00000000d5580000, 0x00000000d5980000, 0x0000000100000000)
  eden space 2560K, 0% used [0x00000000d5580000,0x00000000d5580000,0x00000000d5800000)
  from space 512K, 86% used [0x00000000d5880000,0x00000000d58ee4e8,0x00000000d5900000)
  to   space 512K, 0% used [0x00000000d5900000,0x00000000d5900000,0x00000000d5980000)
 ParOldGen       total 632320K, used 631791K [0x0000000080000000, 0x00000000a6980000, 0x00000000d5580000)
  object space 632320K, 99% used [0x0000000080000000,0x00000000a68fbef0,0x00000000a6980000)
 Metaspace       used 71742K, committed 73344K, reserved 1114112K
  class space    used 7713K, committed 8448K, reserved 1048576K
}
Event: 86.032 GC heap before
{Heap before GC invocations=919 (full 3):
 PSYoungGen      total 3072K, used 3001K [0x00000000d5580000, 0x00000000d5980000, 0x0000000100000000)
  eden space 2560K, 100% used [0x00000000d5580000,0x00000000d5800000,0x00000000d5800000)
  from space 512K, 86% used [0x00000000d5880000,0x00000000d58ee4e8,0x00000000d5900000)
  to   space 512K, 0% used [0x00000000d5900000,0x00000000d5900000,0x00000000d5980000)
 ParOldGen       total 632320K, used 631791K [0x0000000080000000, 0x00000000a6980000, 0x00000000d5580000)
  object space 632320K, 99% used [0x0000000080000000,0x00000000a68fbef0,0x00000000a6980000)
 Metaspace       used 71742K, committed 73344K, reserved 1114112K
  class space    used 7713K, committed 8448K, reserved 1048576K
}
Event: 86.035 GC heap after
{Heap after GC invocations=919 (full 3):
 PSYoungGen      total 3072K, used 476K [0x00000000d5580000, 0x00000000d5980000, 0x0000000100000000)
  eden space 2560K, 0% used [0x00000000d5580000,0x00000000d5580000,0x00000000d5800000)
  from space 512K, 93% used [0x00000000d5900000,0x00000000d59771c8,0x00000000d5980000)
  to   space 512K, 0% used [0x00000000d5880000,0x00000000d5880000,0x00000000d5900000)
 ParOldGen       total 633856K, used 633340K [0x0000000080000000, 0x00000000a6b00000, 0x00000000d5580000)
  object space 633856K, 99% used [0x0000000080000000,0x00000000a6a7f2a8,0x00000000a6b00000)
 Metaspace       used 71742K, committed 73344K, reserved 1114112K
  class space    used 7713K, committed 8448K, reserved 1048576K
}
Event: 86.416 GC heap before
{Heap before GC invocations=920 (full 3):
 PSYoungGen      total 3072K, used 3036K [0x00000000d5580000, 0x00000000d5980000, 0x0000000100000000)
  eden space 2560K, 100% used [0x00000000d5580000,0x00000000d5800000,0x00000000d5800000)
  from space 512K, 93% used [0x00000000d5900000,0x00000000d59771c8,0x00000000d5980000)
  to   space 512K, 0% used [0x00000000d5880000,0x00000000d5880000,0x00000000d5900000)
 ParOldGen       total 633856K, used 633340K [0x0000000080000000, 0x00000000a6b00000, 0x00000000d5580000)
  object space 633856K, 99% used [0x0000000080000000,0x00000000a6a7f2a8,0x00000000a6b00000)
 Metaspace       used 71742K, committed 73344K, reserved 1114112K
  class space    used 7713K, committed 8448K, reserved 1048576K
}
Event: 86.420 GC heap after
{Heap after GC invocations=920 (full 3):
 PSYoungGen      total 3072K, used 416K [0x00000000d5580000, 0x00000000d5980000, 0x0000000100000000)
  eden space 2560K, 0% used [0x00000000d5580000,0x00000000d5580000,0x00000000d5800000)
  from space 512K, 81% used [0x00000000d5880000,0x00000000d58e8000,0x00000000d5900000)
  to   space 512K, 0% used [0x00000000d5900000,0x00000000d5900000,0x00000000d5980000)
 ParOldGen       total 633856K, used 633476K [0x0000000080000000, 0x00000000a6b00000, 0x00000000d5580000)
  object space 633856K, 99% used [0x0000000080000000,0x00000000a6aa12a8,0x00000000a6b00000)
 Metaspace       used 71742K, committed 73344K, reserved 1114112K
  class space    used 7713K, committed 8448K, reserved 1048576K
}

Dll operation events (14 events):
Event: 0.023 Loaded shared library c:\Users\HP\.vscode\extensions\redhat.java-1.46.0-win32-x64\jre\21.0.8-win32-x86_64\bin\java.dll
Event: 0.520 Loaded shared library c:\Users\HP\.vscode\extensions\redhat.java-1.46.0-win32-x64\jre\21.0.8-win32-x86_64\bin\zip.dll
Event: 0.554 Loaded shared library C:\Users\HP\.vscode\extensions\redhat.java-1.46.0-win32-x64\jre\21.0.8-win32-x86_64\bin\instrument.dll
Event: 0.572 Loaded shared library C:\Users\HP\.vscode\extensions\redhat.java-1.46.0-win32-x64\jre\21.0.8-win32-x86_64\bin\net.dll
Event: 0.577 Loaded shared library C:\Users\HP\.vscode\extensions\redhat.java-1.46.0-win32-x64\jre\21.0.8-win32-x86_64\bin\nio.dll
Event: 0.583 Loaded shared library C:\Users\HP\.vscode\extensions\redhat.java-1.46.0-win32-x64\jre\21.0.8-win32-x86_64\bin\zip.dll
Event: 0.734 Loaded shared library C:\Users\HP\.vscode\extensions\redhat.java-1.46.0-win32-x64\jre\21.0.8-win32-x86_64\bin\jimage.dll
Event: 1.042 Loaded shared library c:\Users\HP\.vscode\extensions\redhat.java-1.46.0-win32-x64\jre\21.0.8-win32-x86_64\bin\verify.dll
Event: 8.872 Loaded shared library C:\Users\HP\AppData\Roaming\Code\User\globalStorage\redhat.java\1.46.0\config_win\org.eclipse.equinox.launcher\org.eclipse.equinox.launcher.win32.win32.x86_64_1.2.1400.v20250801-0854\eclipse_11916.dll
Event: 13.440 Loaded shared library C:\Users\HP\.vscode\extensions\redhat.java-1.46.0-win32-x64\jre\21.0.8-win32-x86_64\bin\management.dll
Event: 13.444 Loaded shared library C:\Users\HP\.vscode\extensions\redhat.java-1.46.0-win32-x64\jre\21.0.8-win32-x86_64\bin\management_ext.dll
Event: 20.185 Loaded shared library C:\Users\HP\AppData\Local\Temp\jna-2312\jna9723033959804703082.dll
Event: 21.309 Loaded shared library C:\Users\HP\.vscode\extensions\redhat.java-1.46.0-win32-x64\jre\21.0.8-win32-x86_64\bin\sunmscapi.dll
Event: 23.506 Loaded shared library C:\Users\HP\.vscode\extensions\redhat.java-1.46.0-win32-x64\jre\21.0.8-win32-x86_64\bin\extnet.dll

Deoptimization events (20 events):
Event: 85.929 Thread 0x000001574b6d75b0 Uncommon trap: trap_request=0xffffff45 fr.pc=0x0000015776887eec relative=0x000000000000014c
Event: 85.929 Thread 0x000001574b6d75b0 Uncommon trap: reason=unstable_if action=reinterpret pc=0x0000015776887eec method=java.lang.String.valueOf(C)Ljava/lang/String; @ 10 c2
Event: 85.929 Thread 0x000001574b6d75b0 DEOPT PACKING pc=0x0000015776887eec sp=0x0000002518ffe450
Event: 85.929 Thread 0x000001574b6d75b0 DEOPT UNPACKING pc=0x0000015775f53aa2 sp=0x0000002518ffe3f0 mode 2
Event: 85.929 Thread 0x000001574b6d75b0 Uncommon trap: trap_request=0xffffff45 fr.pc=0x000001577674e014 relative=0x0000000000000074
Event: 85.929 Thread 0x000001574b6d75b0 Uncommon trap: reason=unstable_if action=reinterpret pc=0x000001577674e014 method=java.lang.StringConcatHelper.mix(JLjava/lang/String;)J @ 13 c2
Event: 85.929 Thread 0x000001574b6d75b0 DEOPT PACKING pc=0x000001577674e014 sp=0x0000002518ffe2f0
Event: 85.929 Thread 0x000001574b6d75b0 DEOPT UNPACKING pc=0x0000015775f53aa2 sp=0x0000002518ffe270 mode 2
Event: 85.929 Thread 0x000001574b6d75b0 Uncommon trap: trap_request=0xffffff45 fr.pc=0x0000015776afa2d0 relative=0x0000000000000210
Event: 85.929 Thread 0x000001574b6d75b0 Uncommon trap: reason=unstable_if action=reinterpret pc=0x0000015776afa2d0 method=java.lang.StringConcatHelper.prepend(J[BLjava/lang/String;)J @ 13 c2
Event: 85.929 Thread 0x000001574b6d75b0 DEOPT PACKING pc=0x0000015776afa2d0 sp=0x0000002518ffe2d0
Event: 85.929 Thread 0x000001574b6d75b0 DEOPT UNPACKING pc=0x0000015775f53aa2 sp=0x0000002518ffe210 mode 2
Event: 85.929 Thread 0x000001574b6d75b0 Uncommon trap: trap_request=0xffffff45 fr.pc=0x000001577661a5c8 relative=0x0000000000000128
Event: 85.929 Thread 0x000001574b6d75b0 Uncommon trap: reason=unstable_if action=reinterpret pc=0x000001577661a5c8 method=java.lang.StringConcatHelper.prepend(J[BLjava/lang/String;)J @ 13 c2
Event: 85.929 Thread 0x000001574b6d75b0 DEOPT PACKING pc=0x000001577661a5c8 sp=0x0000002518ffe240
Event: 85.929 Thread 0x000001574b6d75b0 DEOPT UNPACKING pc=0x0000015775f53aa2 sp=0x0000002518ffe210 mode 2
Event: 85.929 Thread 0x000001574b6d75b0 Uncommon trap: trap_request=0xffffff45 fr.pc=0x0000015776628860 relative=0x00000000000000c0
Event: 85.929 Thread 0x000001574b6d75b0 Uncommon trap: reason=unstable_if action=reinterpret pc=0x0000015776628860 method=java.lang.StringConcatHelper.newString([BJ)Ljava/lang/String; @ 3 c2
Event: 85.929 Thread 0x000001574b6d75b0 DEOPT PACKING pc=0x0000015776628860 sp=0x0000002518ffe370
Event: 85.929 Thread 0x000001574b6d75b0 DEOPT UNPACKING pc=0x0000015775f53aa2 sp=0x0000002518ffe2f8 mode 2

Classes loaded (20 events):
Event: 44.851 Loading class java/util/stream/Nodes$IntFixedNodeBuilder
Event: 44.852 Loading class java/util/stream/Node$Builder$OfInt
Event: 44.852 Loading class java/util/stream/Node$Builder$OfInt done
Event: 44.852 Loading class java/util/stream/Nodes$IntArrayNode
Event: 44.852 Loading class java/util/stream/Nodes$IntArrayNode done
Event: 44.852 Loading class java/util/stream/Nodes$IntFixedNodeBuilder done
Event: 44.852 Loading class java/util/stream/ReferencePipeline$4$1
Event: 44.853 Loading class java/util/stream/ReferencePipeline$4$1 done
Event: 45.440 Loading class java/util/Hashtable$ValueCollection
Event: 45.440 Loading class java/util/Hashtable$ValueCollection done
Event: 45.571 Loading class java/util/concurrent/ConcurrentHashMap$KeySpliterator
Event: 45.571 Loading class java/util/concurrent/ConcurrentHashMap$KeySpliterator done
Event: 47.216 Loading class java/io/CharArrayWriter
Event: 47.216 Loading class java/io/CharArrayWriter done
Event: 47.303 Loading class java/nio/file/attribute/PosixFileAttributes
Event: 47.303 Loading class java/nio/file/attribute/PosixFileAttributes done
Event: 79.623 Loading class java/util/concurrent/CompletableFuture$UniApply
Event: 79.623 Loading class java/util/concurrent/CompletableFuture$UniApply done
Event: 79.624 Loading class java/util/concurrent/CompletableFuture$UniExceptionally
Event: 79.625 Loading class java/util/concurrent/CompletableFuture$UniExceptionally done

Classes unloaded (8 events):
Event: 16.224 Thread 0x000001576b7bbfb0 Unloading class 0x00000157051ad400 'java/lang/invoke/LambdaForm$MH+0x00000157051ad400'
Event: 16.224 Thread 0x000001576b7bbfb0 Unloading class 0x00000157051ad000 'java/lang/invoke/LambdaForm$MH+0x00000157051ad000'
Event: 16.224 Thread 0x000001576b7bbfb0 Unloading class 0x00000157051acc00 'java/lang/invoke/LambdaForm$MH+0x00000157051acc00'
Event: 16.224 Thread 0x000001576b7bbfb0 Unloading class 0x00000157051ac800 'java/lang/invoke/LambdaForm$MH+0x00000157051ac800'
Event: 16.224 Thread 0x000001576b7bbfb0 Unloading class 0x00000157051ac400 'java/lang/invoke/LambdaForm$BMH+0x00000157051ac400'
Event: 16.224 Thread 0x000001576b7bbfb0 Unloading class 0x00000157051ac000 'java/lang/invoke/LambdaForm$DMH+0x00000157051ac000'
Event: 16.224 Thread 0x000001576b7bbfb0 Unloading class 0x00000157051aac00 'java/lang/invoke/LambdaForm$DMH+0x00000157051aac00'
Event: 35.920 Thread 0x000001576b7bbfb0 Unloading class 0x0000015705640800 'java/lang/invoke/LambdaForm$DMH+0x0000015705640800'

Classes redefined (0 events):
No events

Internal exceptions (20 events):
Event: 79.859 Thread 0x000001574956cd80 Exception <a 'java/lang/NoSuchMethodError'{0x00000000d5772dd0}: method resolution failed> (0x00000000d5772dd0) 
thrown [s\src\hotspot\share\prims\methodHandles.cpp, line 1144]
Event: 80.036 Thread 0x000001574b6d5b70 Exception <a 'sun/nio/fs/WindowsException'{0x00000000d5684df8}> (0x00000000d5684df8) 
thrown [s\src\hotspot\share\prims\jni.cpp, line 520]
Event: 80.036 Thread 0x000001574b6d5b70 Exception <a 'sun/nio/fs/WindowsException'{0x00000000d56856f8}> (0x00000000d56856f8) 
thrown [s\src\hotspot\share\prims\jni.cpp, line 520]
Event: 80.036 Thread 0x000001574b6d5b70 Exception <a 'sun/nio/fs/WindowsException'{0x00000000d5686440}> (0x00000000d5686440) 
thrown [s\src\hotspot\share\prims\jni.cpp, line 520]
Event: 80.037 Thread 0x000001574b6d5b70 Exception <a 'sun/nio/fs/WindowsException'{0x00000000d5686d20}> (0x00000000d5686d20) 
thrown [s\src\hotspot\share\prims\jni.cpp, line 520]
Event: 80.037 Thread 0x000001574b6d5b70 Exception <a 'sun/nio/fs/WindowsException'{0x00000000d5688778}> (0x00000000d5688778) 
thrown [s\src\hotspot\share\prims\jni.cpp, line 520]
Event: 80.038 Thread 0x000001574b6d5b70 Exception <a 'sun/nio/fs/WindowsException'{0x00000000d5689058}> (0x00000000d5689058) 
thrown [s\src\hotspot\share\prims\jni.cpp, line 520]
Event: 80.065 Thread 0x000001574b6d5b70 Exception <a 'sun/nio/fs/WindowsException'{0x00000000d56aee58}> (0x00000000d56aee58) 
thrown [s\src\hotspot\share\prims\jni.cpp, line 520]
Event: 80.065 Thread 0x000001574b6d5b70 Exception <a 'sun/nio/fs/WindowsException'{0x00000000d56af738}> (0x00000000d56af738) 
thrown [s\src\hotspot\share\prims\jni.cpp, line 520]
Event: 80.121 Thread 0x0000015749572ff0 Exception <a 'sun/nio/fs/WindowsException'{0x00000000d55f63f8}> (0x00000000d55f63f8) 
thrown [s\src\hotspot\share\prims\jni.cpp, line 520]
Event: 80.121 Thread 0x0000015749572ff0 Exception <a 'sun/nio/fs/WindowsException'{0x00000000d5611398}> (0x00000000d5611398) 
thrown [s\src\hotspot\share\prims\jni.cpp, line 520]
Event: 80.207 Thread 0x000001574b6d75b0 Exception <a 'java/lang/IncompatibleClassChangeError'{0x00000000d56a1300}: Found class java.lang.Object, but interface was expected> (0x00000000d56a1300) 
thrown [s\src\hotspot\share\interpreter\linkResolver.cpp, line 840]
Event: 80.333 Thread 0x000001574b6d7c40 Exception <a 'java/lang/NoSuchMethodError'{0x00000000d55d45d0}: 'java.lang.Object java.lang.invoke.DirectMethodHandle$Holder.invokeStaticInit(java.lang.Object, java.lang.Object, java.lang.Object)'> (0x00000000d55d45d0) 
thrown [s\src\hotspot\share\interpreter\linkResolver.cpp, line 773]
Event: 80.790 Thread 0x000001574b6d7c40 Exception <a 'sun/nio/fs/WindowsException'{0x00000000d58cdd20}> (0x00000000d58cdd20) 
thrown [s\src\hotspot\share\prims\jni.cpp, line 520]
Event: 80.790 Thread 0x000001574b6d7c40 Exception <a 'sun/nio/fs/WindowsException'{0x00000000d58ce600}> (0x00000000d58ce600) 
thrown [s\src\hotspot\share\prims\jni.cpp, line 520]
Event: 81.231 Thread 0x000001574b6d75b0 Implicit null exception at 0x0000015776e5e40f to 0x0000015776e5fa80
Event: 82.559 Thread 0x000001574b6d75b0 Implicit null exception at 0x0000015776b91fda to 0x0000015776b92033
Event: 84.850 Thread 0x000001574b6d75b0 Implicit null exception at 0x0000015776a281cf to 0x0000015776a28334
Event: 85.822 Thread 0x000001574b6d75b0 Implicit null exception at 0x0000015776f4821d to 0x0000015776f48690
Event: 85.874 Thread 0x000001574b6d75b0 Implicit null exception at 0x0000015776f53168 to 0x0000015776f53368

ZGC Phase Switch (0 events):
No events

VM Operations (20 events):
Event: 85.432 Executing VM operation: ParallelGCFailedAllocation (Allocation Failure)
Event: 85.436 Executing VM operation: ParallelGCFailedAllocation (Allocation Failure) done
Event: 85.449 Executing VM operation: ParallelGCFailedAllocation (Allocation Failure)
Event: 85.453 Executing VM operation: ParallelGCFailedAllocation (Allocation Failure) done
Event: 85.744 Executing VM operation: ParallelGCFailedAllocation (Allocation Failure)
Event: 85.748 Executing VM operation: ParallelGCFailedAllocation (Allocation Failure) done
Event: 85.856 Executing VM operation: HandshakeAllThreads (Deoptimize)
Event: 85.856 Executing VM operation: HandshakeAllThreads (Deoptimize) done
Event: 85.857 Executing VM operation: ParallelGCFailedAllocation (Allocation Failure)
Event: 85.860 Executing VM operation: ParallelGCFailedAllocation (Allocation Failure) done
Event: 85.904 Executing VM operation: ParallelGCFailedAllocation (Allocation Failure)
Event: 85.906 Executing VM operation: ParallelGCFailedAllocation (Allocation Failure) done
Event: 85.959 Executing VM operation: ParallelGCFailedAllocation (Allocation Failure)
Event: 85.961 Executing VM operation: ParallelGCFailedAllocation (Allocation Failure) done
Event: 85.971 Executing VM operation: ParallelGCFailedAllocation (Allocation Failure)
Event: 85.975 Executing VM operation: ParallelGCFailedAllocation (Allocation Failure) done
Event: 86.032 Executing VM operation: ParallelGCFailedAllocation (Allocation Failure)
Event: 86.035 Executing VM operation: ParallelGCFailedAllocation (Allocation Failure) done
Event: 86.415 Executing VM operation: ParallelGCFailedAllocation (Allocation Failure)
Event: 86.420 Executing VM operation: ParallelGCFailedAllocation (Allocation Failure) done

Memory protections (0 events):
No events

Nmethod flushes (20 events):
Event: 35.949 Thread 0x000001576b7bbfb0 flushing osr nmethod 0x000001576f208f10
Event: 35.949 Thread 0x000001576b7bbfb0 flushing  nmethod 0x000001576f246c10
Event: 35.949 Thread 0x000001576b7bbfb0 flushing  nmethod 0x000001576f247990
Event: 35.949 Thread 0x000001576b7bbfb0 flushing  nmethod 0x000001576f248f10
Event: 35.949 Thread 0x000001576b7bbfb0 flushing  nmethod 0x000001576f24a010
Event: 35.949 Thread 0x000001576b7bbfb0 flushing  nmethod 0x000001576f262890
Event: 35.949 Thread 0x000001576b7bbfb0 flushing  nmethod 0x000001576f263e90
Event: 35.949 Thread 0x000001576b7bbfb0 flushing  nmethod 0x000001576f26a190
Event: 35.949 Thread 0x000001576b7bbfb0 flushing  nmethod 0x000001576f28b490
Event: 35.949 Thread 0x000001576b7bbfb0 flushing  nmethod 0x000001576f28b810
Event: 35.949 Thread 0x000001576b7bbfb0 flushing  nmethod 0x000001576f28f010
Event: 35.949 Thread 0x000001576b7bbfb0 flushing  nmethod 0x000001576f2ab710
Event: 35.949 Thread 0x000001576b7bbfb0 flushing  nmethod 0x000001576f2bc690
Event: 35.949 Thread 0x000001576b7bbfb0 flushing  nmethod 0x000001576f2bd810
Event: 35.949 Thread 0x000001576b7bbfb0 flushing  nmethod 0x000001576f302610
Event: 35.949 Thread 0x000001576b7bbfb0 flushing  nmethod 0x000001576f35ce90
Event: 35.949 Thread 0x000001576b7bbfb0 flushing  nmethod 0x000001576f35de10
Event: 35.949 Thread 0x000001576b7bbfb0 flushing  nmethod 0x000001576f361a90
Event: 35.949 Thread 0x000001576b7bbfb0 flushing  nmethod 0x000001576f362490
Event: 35.949 Thread 0x000001576b7bbfb0 flushing  nmethod 0x000001576f365b90

Events (20 events):
Event: 48.334 Thread 0x000001577e8244c0 Thread added: 0x000001574d6bbff0
Event: 50.195 Thread 0x000001574d6bbff0 Thread exited: 0x000001574d6bbff0
Event: 50.868 Thread 0x000001577e8244c0 Thread added: 0x000001574d81aa00
Event: 50.988 Thread 0x000001574d81aa00 Thread exited: 0x000001574d81aa00
Event: 59.343 Thread 0x000001577e8244c0 Thread added: 0x000001574b6b23d0
Event: 61.417 Thread 0x000001574b6b23d0 Thread exited: 0x000001574b6b23d0
Event: 62.791 Thread 0x000001577e7b7420 Thread added: 0x0000015749c845b0
Event: 62.964 Thread 0x0000015749c845b0 Thread exited: 0x0000015749c845b0
Event: 78.503 Thread 0x000001577e8244c0 Thread added: 0x000001574a79cff0
Event: 79.553 Thread 0x000001574a79cff0 Thread exited: 0x000001574a79cff0
Event: 79.623 Thread 0x000001574956c6f0 Thread added: 0x000001574b6d75b0
Event: 79.624 Thread 0x000001574956c6f0 Thread added: 0x000001574b6d7c40
Event: 79.624 Thread 0x00000157495715b0 Thread added: 0x000001574b6d5b70
Event: 79.773 Thread 0x000001577e8244c0 Thread added: 0x000001574a79cff0
Event: 80.443 Thread 0x000001574a79cff0 Thread exited: 0x000001574a79cff0
Event: 80.835 Thread 0x000001577e8244c0 Thread added: 0x000001574a79cff0
Event: 83.142 Thread 0x000001574a79cff0 Thread exited: 0x000001574a79cff0
Event: 83.200 Thread 0x000001577e8244c0 Thread added: 0x000001574a79cff0
Event: 85.539 Thread 0x000001574a79cff0 Thread exited: 0x000001574a79cff0
Event: 85.966 Thread 0x000001577e8244c0 Thread added: 0x000001574a79cff0


Dynamic libraries:
0x00007ff616cc0000 - 0x00007ff616cce000 	c:\Users\HP\.vscode\extensions\redhat.java-1.46.0-win32-x64\jre\21.0.8-win32-x86_64\bin\java.exe
0x00007ffe1f260000 - 0x00007ffe1f4c8000 	C:\WINDOWS\SYSTEM32\ntdll.dll
0x00007ffe1db20000 - 0x00007ffe1dbe9000 	C:\WINDOWS\System32\KERNEL32.DLL
0x00007ffe1c3f0000 - 0x00007ffe1c7e2000 	C:\WINDOWS\System32\KERNELBASE.dll
0x00007ffe1ca90000 - 0x00007ffe1cbdb000 	C:\WINDOWS\System32\ucrtbase.dll
0x00007ffdbc3a0000 - 0x00007ffdbc3b8000 	c:\Users\HP\.vscode\extensions\redhat.java-1.46.0-win32-x64\jre\21.0.8-win32-x86_64\bin\jli.dll
0x00007ffe1e540000 - 0x00007ffe1e705000 	C:\WINDOWS\System32\USER32.dll
0x00007ffe1cd50000 - 0x00007ffe1cd77000 	C:\WINDOWS\System32\win32u.dll
0x00007ffe1dbf0000 - 0x00007ffe1dc1b000 	C:\WINDOWS\System32\GDI32.dll
0x00007ffe1cf00000 - 0x00007ffe1d02d000 	C:\WINDOWS\System32\gdi32full.dll
0x00007ffe1c7f0000 - 0x00007ffe1c893000 	C:\WINDOWS\System32\msvcp_win.dll
0x00007ffdcb310000 - 0x00007ffdcb32e000 	c:\Users\HP\.vscode\extensions\redhat.java-1.46.0-win32-x64\jre\21.0.8-win32-x86_64\bin\VCRUNTIME140.dll
0x00007ffe02310000 - 0x00007ffe025a3000 	C:\WINDOWS\WinSxS\amd64_microsoft.windows.common-controls_6595b64144ccf1df_6.0.26100.6899_none_3e0efeeae32e88c1\COMCTL32.dll
0x00007ffe1dec0000 - 0x00007ffe1df69000 	C:\WINDOWS\System32\msvcrt.dll
0x00007ffe1e0e0000 - 0x00007ffe1e10f000 	C:\WINDOWS\System32\IMM32.DLL
0x00007ffdfbd80000 - 0x00007ffdfbd8c000 	c:\Users\HP\.vscode\extensions\redhat.java-1.46.0-win32-x64\jre\21.0.8-win32-x86_64\bin\vcruntime140_1.dll
0x00007ffdaa060000 - 0x00007ffdaa0ed000 	c:\Users\HP\.vscode\extensions\redhat.java-1.46.0-win32-x64\jre\21.0.8-win32-x86_64\bin\msvcp140.dll
0x00007ffd680f0000 - 0x00007ffd68e87000 	c:\Users\HP\.vscode\extensions\redhat.java-1.46.0-win32-x64\jre\21.0.8-win32-x86_64\bin\server\jvm.dll
0x00007ffe1d040000 - 0x00007ffe1d0f4000 	C:\WINDOWS\System32\ADVAPI32.dll
0x00007ffe1da70000 - 0x00007ffe1db16000 	C:\WINDOWS\System32\sechost.dll
0x00007ffe1dc20000 - 0x00007ffe1dd38000 	C:\WINDOWS\System32\RPCRT4.dll
0x00007ffe1f1a0000 - 0x00007ffe1f214000 	C:\WINDOWS\System32\WS2_32.dll
0x00007ffe1c250000 - 0x00007ffe1c2ae000 	C:\WINDOWS\SYSTEM32\POWRPROF.dll
0x00007ffe14e90000 - 0x00007ffe14ec5000 	C:\WINDOWS\SYSTEM32\WINMM.dll
0x00007ffe14ed0000 - 0x00007ffe14edb000 	C:\WINDOWS\SYSTEM32\VERSION.dll
0x00007ffe1c230000 - 0x00007ffe1c244000 	C:\WINDOWS\SYSTEM32\UMPDC.dll
0x00007ffe1b1c0000 - 0x00007ffe1b1db000 	C:\WINDOWS\SYSTEM32\kernel.appcore.dll
0x00007ffdf53e0000 - 0x00007ffdf53ea000 	c:\Users\HP\.vscode\extensions\redhat.java-1.46.0-win32-x64\jre\21.0.8-win32-x86_64\bin\jimage.dll
0x00007ffe12150000 - 0x00007ffe12392000 	C:\WINDOWS\SYSTEM32\DBGHELP.DLL
0x00007ffe1e710000 - 0x00007ffe1ea8b000 	C:\WINDOWS\System32\combase.dll
0x00007ffe1e000000 - 0x00007ffe1e0d7000 	C:\WINDOWS\System32\OLEAUT32.dll
0x00007ffdff730000 - 0x00007ffdff76c000 	C:\WINDOWS\SYSTEM32\dbgcore.DLL
0x00007ffe1c9f0000 - 0x00007ffe1ca88000 	C:\WINDOWS\System32\bcryptPrimitives.dll
0x00007ffdf1ad0000 - 0x00007ffdf1adf000 	c:\Users\HP\.vscode\extensions\redhat.java-1.46.0-win32-x64\jre\21.0.8-win32-x86_64\bin\instrument.dll
0x00007ffdb7a10000 - 0x00007ffdb7a2f000 	c:\Users\HP\.vscode\extensions\redhat.java-1.46.0-win32-x64\jre\21.0.8-win32-x86_64\bin\java.dll
0x00007ffe1d320000 - 0x00007ffe1da6d000 	C:\WINDOWS\System32\SHELL32.dll
0x00007ffe1cbe0000 - 0x00007ffe1cd4b000 	C:\WINDOWS\System32\wintypes.dll
0x00007ffe1a080000 - 0x00007ffe1a8dd000 	C:\WINDOWS\SYSTEM32\windows.storage.dll
0x00007ffe1dd40000 - 0x00007ffe1de32000 	C:\WINDOWS\System32\SHCORE.dll
0x00007ffe1e320000 - 0x00007ffe1e382000 	C:\WINDOWS\System32\shlwapi.dll
0x00007ffe1c310000 - 0x00007ffe1c339000 	C:\WINDOWS\SYSTEM32\profapi.dll
0x00007ffdb7450000 - 0x00007ffdb7468000 	c:\Users\HP\.vscode\extensions\redhat.java-1.46.0-win32-x64\jre\21.0.8-win32-x86_64\bin\zip.dll
0x00007ffdf1970000 - 0x00007ffdf1980000 	C:\Users\HP\.vscode\extensions\redhat.java-1.46.0-win32-x64\jre\21.0.8-win32-x86_64\bin\net.dll
0x00007ffe11d30000 - 0x00007ffe11e4f000 	C:\WINDOWS\SYSTEM32\WINHTTP.dll
0x00007ffe1b730000 - 0x00007ffe1b79b000 	C:\WINDOWS\system32\mswsock.dll
0x00007ffdbade0000 - 0x00007ffdbadf6000 	C:\Users\HP\.vscode\extensions\redhat.java-1.46.0-win32-x64\jre\21.0.8-win32-x86_64\bin\nio.dll
0x00007ffdf1930000 - 0x00007ffdf1940000 	c:\Users\HP\.vscode\extensions\redhat.java-1.46.0-win32-x64\jre\21.0.8-win32-x86_64\bin\verify.dll
0x00007ffda9db0000 - 0x00007ffda9df4000 	C:\Users\HP\AppData\Roaming\Code\User\globalStorage\redhat.java\1.46.0\config_win\org.eclipse.equinox.launcher\org.eclipse.equinox.launcher.win32.win32.x86_64_1.2.1400.v20250801-0854\eclipse_11916.dll
0x00007ffe1e390000 - 0x00007ffe1e528000 	C:\WINDOWS\System32\ole32.dll
0x00007ffe15720000 - 0x00007ffe1572a000 	C:\Users\HP\.vscode\extensions\redhat.java-1.46.0-win32-x64\jre\21.0.8-win32-x86_64\bin\management.dll
0x00007ffe153b0000 - 0x00007ffe153bb000 	C:\Users\HP\.vscode\extensions\redhat.java-1.46.0-win32-x64\jre\21.0.8-win32-x86_64\bin\management_ext.dll
0x00007ffe1d030000 - 0x00007ffe1d038000 	C:\WINDOWS\System32\PSAPI.DLL
0x00007ffe1b9e0000 - 0x00007ffe1b9fb000 	C:\WINDOWS\SYSTEM32\CRYPTSP.dll
0x00007ffe1b120000 - 0x00007ffe1b15b000 	C:\WINDOWS\system32\rsaenh.dll
0x00007ffe1b7d0000 - 0x00007ffe1b7fb000 	C:\WINDOWS\SYSTEM32\USERENV.dll
0x00007ffe1c2e0000 - 0x00007ffe1c306000 	C:\WINDOWS\SYSTEM32\bcrypt.dll
0x00007ffe1ba00000 - 0x00007ffe1ba0c000 	C:\WINDOWS\SYSTEM32\CRYPTBASE.dll
0x00007ffe1ac30000 - 0x00007ffe1ac64000 	C:\WINDOWS\SYSTEM32\IPHLPAPI.DLL
0x00007ffe1d310000 - 0x00007ffe1d31a000 	C:\WINDOWS\System32\NSI.dll
0x00007ffdbc300000 - 0x00007ffdbc349000 	C:\Users\HP\AppData\Local\Temp\jna-2312\jna9723033959804703082.dll
0x00007ffe12120000 - 0x00007ffe1213e000 	C:\WINDOWS\SYSTEM32\dhcpcsvc6.DLL
0x00007ffe120f0000 - 0x00007ffe12113000 	C:\WINDOWS\SYSTEM32\dhcpcsvc.DLL
0x00007ffe175b0000 - 0x00007ffe175be000 	C:\Users\HP\.vscode\extensions\redhat.java-1.46.0-win32-x64\jre\21.0.8-win32-x86_64\bin\sunmscapi.dll
0x00007ffe1cd80000 - 0x00007ffe1cef7000 	C:\WINDOWS\System32\CRYPT32.dll
0x00007ffe1bc00000 - 0x00007ffe1bc30000 	C:\WINDOWS\SYSTEM32\ncrypt.dll
0x00007ffe1bbb0000 - 0x00007ffe1bbef000 	C:\WINDOWS\SYSTEM32\NTASN1.dll
0x00007ffe1acd0000 - 0x00007ffe1adf6000 	C:\WINDOWS\SYSTEM32\DNSAPI.dll
0x00007ffe04300000 - 0x00007ffe0430b000 	C:\Windows\System32\rasadhlp.dll
0x00007ffe10d40000 - 0x00007ffe10dc6000 	C:\WINDOWS\System32\fwpuclnt.dll
0x00007ffe153a0000 - 0x00007ffe153a9000 	C:\Users\HP\.vscode\extensions\redhat.java-1.46.0-win32-x64\jre\21.0.8-win32-x86_64\bin\extnet.dll
0x00007ffe1b2e0000 - 0x00007ffe1b316000 	C:\WINDOWS\SYSTEM32\ntmarta.dll

JVMTI agents:
c:\Users\HP\.vscode\extensions\redhat.java-1.46.0-win32-x64\lombok\lombok-1.18.39-4050.jar path:c:\Users\HP\.vscode\extensions\redhat.java-1.46.0-win32-x64\jre\21.0.8-win32-x86_64\bin\instrument.dll, loaded, initialized, instrumentlib options:none

dbghelp: loaded successfully - version: 4.0.5 - missing functions: none
symbol engine: initialized successfully - sym options: 0x614 - pdb path: .;c:\Users\HP\.vscode\extensions\redhat.java-1.46.0-win32-x64\jre\21.0.8-win32-x86_64\bin;C:\WINDOWS\SYSTEM32;C:\WINDOWS\WinSxS\amd64_microsoft.windows.common-controls_6595b64144ccf1df_6.0.26100.6899_none_3e0efeeae32e88c1;c:\Users\HP\.vscode\extensions\redhat.java-1.46.0-win32-x64\jre\21.0.8-win32-x86_64\bin\server;C:\Users\HP\AppData\Roaming\Code\User\globalStorage\redhat.java\1.46.0\config_win\org.eclipse.equinox.launcher\org.eclipse.equinox.launcher.win32.win32.x86_64_1.2.1400.v20250801-0854;C:\Users\HP\AppData\Local\Temp\jna-2312

VM Arguments:
jvm_args: --add-modules=ALL-SYSTEM --add-opens=java.base/java.util=ALL-UNNAMED --add-opens=java.base/java.lang=ALL-UNNAMED --add-opens=java.base/sun.nio.fs=ALL-UNNAMED -Declipse.application=org.eclipse.jdt.ls.core.id1 -Dosgi.bundles.defaultStartLevel=4 -Declipse.product=org.eclipse.jdt.ls.core.product -Djava.import.generatesMetadataFilesAtProjectRoot=false -DDetectVMInstallationsJob.disabled=true -Dfile.encoding=utf8 -XX:+UseParallelGC -XX:GCTimeRatio=4 -XX:AdaptiveSizePolicyWeight=90 -Dsun.zip.disableMemoryMapping=true -Xmx2G -Xms100m -Xlog:disable -javaagent:c:\Users\HP\.vscode\extensions\redhat.java-1.46.0-win32-x64\lombok\lombok-1.18.39-4050.jar -XX:+HeapDumpOnOutOfMemoryError -XX:HeapDumpPath=c:\Users\HP\AppData\Roaming\Code\User\workspaceStorage\0e8ffea2bd08c6dbe69e47f6e896f381\redhat.java -Daether.dependencyCollector.impl=bf 
java_command: c:\Users\HP\.vscode\extensions\redhat.java-1.46.0-win32-x64\server\plugins\org.eclipse.equinox.launcher_1.7.0.v20250519-0528.jar -configuration c:\Users\HP\AppData\Roaming\Code\User\globalStorage\redhat.java\1.46.0\config_win -data c:\Users\HP\AppData\Roaming\Code\User\workspaceStorage\0e8ffea2bd08c6dbe69e47f6e896f381\redhat.java\jdt_ws --pipe=\\.\pipe\lsp-f958e6db3f95c74d8442b759b7165e1a-sock
java_class_path (initial): c:\Users\HP\.vscode\extensions\redhat.java-1.46.0-win32-x64\server\plugins\org.eclipse.equinox.launcher_1.7.0.v20250519-0528.jar
Launcher Type: SUN_STANDARD

[Global flags]
    uintx AdaptiveSizePolicyWeight                 = 90                                        {product} {command line}
     intx CICompilerCount                          = 3                                         {product} {ergonomic}
    uintx GCTimeRatio                              = 4                                         {product} {command line}
     bool HeapDumpOnOutOfMemoryError               = true                                   {manageable} {command line}
    ccstr HeapDumpPath                             = c:\Users\HP\AppData\Roaming\Code\User\workspaceStorage\0e8ffea2bd08c6dbe69e47f6e896f381\redhat.java         {manageable} {command line}
   size_t InitialHeapSize                          = 104857600                                 {product} {command line}
   size_t MaxHeapSize                              = 2147483648                                {product} {command line}
   size_t MaxNewSize                               = 715653120                                 {product} {ergonomic}
   size_t MinHeapDeltaBytes                        = 524288                                    {product} {ergonomic}
   size_t MinHeapSize                              = 104857600                                 {product} {command line}
   size_t NewSize                                  = 34603008                                  {product} {ergonomic}
    uintx NonNMethodCodeHeapSize                   = 5832780                                {pd product} {ergonomic}
    uintx NonProfiledCodeHeapSize                  = 122912730                              {pd product} {ergonomic}
   size_t OldSize                                  = 70254592                                  {product} {ergonomic}
    uintx ProfiledCodeHeapSize                     = 122912730                              {pd product} {ergonomic}
    uintx ReservedCodeCacheSize                    = 251658240                              {pd product} {ergonomic}
     bool SegmentedCodeCache                       = true                                      {product} {ergonomic}
   size_t SoftMaxHeapSize                          = 2147483648                             {manageable} {ergonomic}
     bool UseCompressedOops                        = true                           {product lp64_product} {ergonomic}
     bool UseLargePagesIndividualAllocation        = false                                  {pd product} {ergonomic}
     bool UseParallelGC                            = true                                      {product} {command line}

Logging:
Log output configuration:
 #0: stdout all=off uptime,level,tags foldmultilines=false
 #1: stderr all=off uptime,level,tags foldmultilines=false

Environment Variables:
JAVA_HOME=C:\Program Files\Java\jdk-21
PATH=C:\Oracle\app\oracle\product\11.2.0\server\bin;C:\Program Files\Common Files\Oracle\Java\javapath;C:\Program Files\Java\jdk-21\bin;C:\WINDOWS\system32;C:\WINDOWS;C:\WINDOWS\System32\Wbem;C:\WINDOWS\System32\WindowsPowerShell\v1.0\;C:\WINDOWS\System32\OpenSSH\;C:\Program Files\Git\cmd;C:\xampp\php;C:\U;C:\Users\HP\Desktop\MEAVEN\apache-maven-3.9.9-bin\apache-maven-3.9.9\bin;C:\Program Files\nodejs\;C:\Program Files\MATLAB\R2017a\runtime\win64;C:\Program Files\MATLAB\R2017a\bin;C:\Users\HP\AppData\Local\Programs\Python\Python312\Scripts\;C:\Users\HP\AppData\Local\Programs\Python\Python312\;C:\Users\HP\AppData\Local\Microsoft\WindowsApps;C:\Users\HP\AppData\Local\Programs\Microsoft VS Code\bin;C:\MinGW\bin;C:\Users\HP\AppData\Local\gitkraken\bin;C:\Users\HP\AppData\Local\Programs\Python\Python312\Scripts;C:\Users\HP\AppData\Local\Programs\Python\Python312;C:\Users\HP\AppData\Local\GitHubDesktop\bin;C:\Users\HP\AppData\Local\Microsoft\WindowsApps;C:\Users\HP\AppData\Roaming\npm
USERNAME=HP
OS=Windows_NT
PROCESSOR_IDENTIFIER=AMD64 Family 23 Model 24 Stepping 1, AuthenticAMD
TMP=C:\Users\HP\AppData\Local\Temp
TEMP=C:\Users\HP\AppData\Local\Temp




Periodic native trim disabled

---------------  S Y S T E M  ---------------

OS:
 Windows 11 , 64 bit Build 26100 (10.0.26100.6725)
OS uptime: 0 days 2:23 hours

CPU: total 4 (initial active 4) (4 cores per cpu, 2 threads per core) family 23 model 24 stepping 1 microcode 0x8108109, cx8, cmov, fxsr, ht, mmx, 3dnowpref, sse, sse2, sse3, ssse3, sse4a, sse4.1, sse4.2, popcnt, lzcnt, tsc, tscinvbit, avx, avx2, aes, clmul, bmi1, bmi2, adx, sha, fma, vzeroupper, clflush, clflushopt, rdtscp, f16c
Processor Information for the first 4 processors :
  Max Mhz: 2600, Current Mhz: 2600, Mhz Limit: 2600

Memory: 4k page, system-wide physical 6086M (843M free)
TotalPageFile size 24518M (AvailPageFile size 48M)
current process WorkingSet (physical memory assigned to process): 603M, peak: 799M
current process commit charge ("private bytes"): 924M, peak: 925M

vm_info: OpenJDK 64-Bit Server VM (21.0.8+9-LTS) for windows-amd64 JRE (21.0.8+9-LTS), built on 2025-07-15T00:00:00Z by "admin" with MS VC++ 17.7 (VS2022)

END.
